<?xml version="1.0" encoding="UTF-8"?>
<!-- Generated by org.testng.reporters.JUnitReportReporter -->
<testsuite skipped="0" hostname="LAPTOP-729KH7AO" name="com.crm.qa.testcases.HomePageTest" tests="3" failures="0" timestamp="14 Jan 2019 13:07:00 GMT" time="64.932" errors="0">
  <testcase name="verifyHomePageTiltleTest" time="22.673" classname="com.crm.qa.testcases.HomePageTest"/>
  <testcase name="varifyUserNameTest" time="20.058" classname="com.crm.qa.testcases.HomePageTest"/>
  <testcase name="clickOnContactsLinkTest" time="22.201" classname="com.crm.qa.testcases.HomePageTest"/>
</testsuite> <!-- com.crm.qa.testcases.HomePageTest -->
