<?xml version="1.0" encoding="UTF-8"?>
<!-- Generated by org.testng.reporters.JUnitReportReporter -->
<testsuite skipped="0" hostname="LAPTOP-729KH7AO" name="com.crm.qa.testcases.ContactsPageTest" tests="5" failures="0" timestamp="14 Jan 2019 13:07:00 GMT" time="119.591" errors="0">
  <testcase name="verifyContactsPageLabel" time="22.615" classname="com.crm.qa.testcases.ContactsPageTest"/>
  <testcase name="selectContactsTest" time="22.047" classname="com.crm.qa.testcases.ContactsPageTest"/>
  <testcase name="validateCreateNewContactTest" time="25.834" classname="com.crm.qa.testcases.ContactsPageTest"/>
  <testcase name="validateCreateNewContactTest" time="25.810" classname="com.crm.qa.testcases.ContactsPageTest"/>
  <testcase name="validateCreateNewContactTest" time="23.285" classname="com.crm.qa.testcases.ContactsPageTest"/>
</testsuite> <!-- com.crm.qa.testcases.ContactsPageTest -->
