<?xml version="1.0" encoding="UTF-8"?>
<!-- Generated by org.testng.reporters.JUnitReportReporter -->
<testsuite skipped="0" hostname="LAPTOP-729KH7AO" name="com.crm.qa.testcases.LoginPageTest" tests="3" failures="0" timestamp="14 Jan 2019 13:07:00 GMT" time="47.871" errors="0">
  <testcase name="loginPageTitleTest" time="11.401" classname="com.crm.qa.testcases.LoginPageTest"/>
  <testcase name="crmLogoImageTest" time="12.322" classname="com.crm.qa.testcases.LoginPageTest"/>
  <testcase name="loginTest" time="24.148" classname="com.crm.qa.testcases.LoginPageTest"/>
</testsuite> <!-- com.crm.qa.testcases.LoginPageTest -->
